{"/Users/gntk/playground/todo-api-20211206/app/src/__shared__/invalid-argument-error.ts": {"path":"/Users/gntk/playground/todo-api-20211206/app/src/__shared__/invalid-argument-error.ts","statementMap":{"0":{"start":{"line":1,"column":0},"end":{"line":1,"column":54}},"1":{"start":{"line":5,"column":4},"end":{"line":5,"column":19}},"2":{"start":{"line":4,"column":21},"end":{"line":4,"column":36}},"3":{"start":{"line":7,"column":4},"end":{"line":7,"column":64}},"4":{"start":{"line":3,"column":0},"end":{"line":3,"column":13}}},"fnMap":{"0":{"name":"(anonymous_0)","decl":{"start":{"line":4,"column":2},"end":{"line":4,"column":21}},"loc":{"start":{"line":4,"column":36},"end":{"line":8,"column":3}}}},"branchMap":{},"s":{"0":2,"1":2,"2":2,"3":2,"4":2},"f":{"0":2},"b":{}}
,"/Users/gntk/playground/todo-api-20211206/app/src/domain/task/model/task.ts": {"path":"/Users/gntk/playground/todo-api-20211206/app/src/domain/task/model/task.ts","statementMap":{"0":{"start":{"line":1,"column":0},"end":{"line":1,"column":69}},"1":{"start":{"line":2,"column":0},"end":{"line":2,"column":77}},"2":{"start":{"line":3,"column":0},"end":{"line":3,"column":35}},"3":{"start":{"line":53,"column":9},"end":{"line":57,"column":4}},"4":{"start":{"line":54,"column":4},"end":{"line":54,"column":29}},"5":{"start":{"line":56,"column":4},"end":{"line":56,"column":16}},"6":{"start":{"line":59,"column":9},"end":{"line":63,"column":4}},"7":{"start":{"line":60,"column":4},"end":{"line":60,"column":27}},"8":{"start":{"line":62,"column":4},"end":{"line":62,"column":16}},"9":{"start":{"line":65,"column":9},"end":{"line":69,"column":4}},"10":{"start":{"line":66,"column":4},"end":{"line":66,"column":29}},"11":{"start":{"line":68,"column":4},"end":{"line":68,"column":16}},"12":{"start":{"line":71,"column":9},"end":{"line":75,"column":4}},"13":{"start":{"line":72,"column":4},"end":{"line":72,"column":30}},"14":{"start":{"line":74,"column":4},"end":{"line":74,"column":16}},"15":{"start":{"line":38,"column":4},"end":{"line":38,"column":28}},"16":{"start":{"line":42,"column":4},"end":{"line":42,"column":27}},"17":{"start":{"line":46,"column":4},"end":{"line":46,"column":29}},"18":{"start":{"line":50,"column":4},"end":{"line":50,"column":32}},"19":{"start":{"line":14,"column":0},"end":{"line":14,"column":13}},"20":{"start":{"line":15,"column":16},"end":{"line":24,"column":6}},"21":{"start":{"line":16,"column":4},"end":{"line":23,"column":null}},"22":{"start":{"line":26,"column":16},"end":{"line":35,"column":6}},"23":{"start":{"line":27,"column":4},"end":{"line":34,"column":null}},"24":{"start":{"line":77,"column":17},"end":{"line":83,"column":4}},"25":{"start":{"line":78,"column":4},"end":{"line":80,"column":null}},"26":{"start":{"line":79,"column":6},"end":{"line":79,"column":64}},"27":{"start":{"line":82,"column":4},"end":{"line":82,"column":17}},"28":{"start":{"line":85,"column":17},"end":{"line":91,"column":4}},"29":{"start":{"line":86,"column":4},"end":{"line":88,"column":null}},"30":{"start":{"line":87,"column":6},"end":{"line":87,"column":63}},"31":{"start":{"line":90,"column":4},"end":{"line":90,"column":16}}},"fnMap":{"0":{"name":"(anonymous_0)","decl":{"start":{"line":14,"column":0},"end":{"line":14,"column":13}},"loc":{"start":{"line":14,"column":0},"end":{"line":92,"column":1}}},"1":{"name":"(anonymous_1)","decl":{"start":{"line":53,"column":23},"end":{"line":53,"column":24}},"loc":{"start":{"line":53,"column":41},"end":{"line":57,"column":3}}},"2":{"name":"(anonymous_2)","decl":{"start":{"line":59,"column":22},"end":{"line":59,"column":23}},"loc":{"start":{"line":59,"column":39},"end":{"line":63,"column":3}}},"3":{"name":"(anonymous_3)","decl":{"start":{"line":65,"column":20},"end":{"line":65,"column":23}},"loc":{"start":{"line":65,"column":25},"end":{"line":69,"column":3}}},"4":{"name":"(anonymous_4)","decl":{"start":{"line":71,"column":16},"end":{"line":71,"column":19}},"loc":{"start":{"line":71,"column":21},"end":{"line":75,"column":3}}},"5":{"name":"(anonymous_5)","decl":{"start":{"line":37,"column":2},"end":{"line":37,"column":13}},"loc":{"start":{"line":37,"column":18},"end":{"line":39,"column":3}}},"6":{"name":"(anonymous_6)","decl":{"start":{"line":41,"column":2},"end":{"line":41,"column":13}},"loc":{"start":{"line":41,"column":17},"end":{"line":43,"column":3}}},"7":{"name":"(anonymous_7)","decl":{"start":{"line":45,"column":2},"end":{"line":45,"column":13}},"loc":{"start":{"line":45,"column":19},"end":{"line":47,"column":3}}},"8":{"name":"(anonymous_8)","decl":{"start":{"line":49,"column":2},"end":{"line":49,"column":13}},"loc":{"start":{"line":49,"column":22},"end":{"line":51,"column":3}}},"9":{"name":"(anonymous_9)","decl":{"start":{"line":15,"column":25},"end":{"line":15,"column":26}},"loc":{"start":{"line":16,"column":4},"end":{"line":23,"column":null}}},"10":{"name":"(anonymous_10)","decl":{"start":{"line":26,"column":30},"end":{"line":26,"column":31}},"loc":{"start":{"line":27,"column":4},"end":{"line":34,"column":null}}},"11":{"name":"(anonymous_11)","decl":{"start":{"line":77,"column":33},"end":{"line":77,"column":34}},"loc":{"start":{"line":77,"column":51},"end":{"line":83,"column":3}}},"12":{"name":"(anonymous_12)","decl":{"start":{"line":85,"column":32},"end":{"line":85,"column":33}},"loc":{"start":{"line":85,"column":49},"end":{"line":91,"column":3}}}},"branchMap":{"0":{"loc":{"start":{"line":78,"column":4},"end":{"line":80,"column":null}},"type":"if","locations":[{"start":{"line":78,"column":4},"end":{"line":80,"column":null}}]},"1":{"loc":{"start":{"line":86,"column":4},"end":{"line":88,"column":null}},"type":"if","locations":[{"start":{"line":86,"column":4},"end":{"line":88,"column":null}}]}},"s":{"0":2,"1":2,"2":2,"3":7,"4":1,"5":1,"6":7,"7":1,"8":1,"9":7,"10":2,"11":2,"12":7,"13":1,"14":1,"15":3,"16":3,"17":4,"18":1,"19":2,"20":2,"21":8,"22":2,"23":1,"24":2,"25":9,"26":1,"27":8,"28":2,"29":8,"30":1,"31":7},"f":{"0":7,"1":1,"2":1,"3":2,"4":1,"5":3,"6":3,"7":4,"8":1,"9":8,"10":1,"11":9,"12":8},"b":{"0":[1],"1":[1]}}
,"/Users/gntk/playground/todo-api-20211206/app/src/usecase/create-task.ts": {"path":"/Users/gntk/playground/todo-api-20211206/app/src/usecase/create-task.ts","statementMap":{"0":{"start":{"line":1,"column":0},"end":{"line":1,"column":50}},"1":{"start":{"line":11,"column":21},"end":{"line":11,"column":62}},"2":{"start":{"line":14,"column":9},"end":{"line":18,"column":4}},"3":{"start":{"line":15,"column":17},"end":{"line":15,"column":45}},"4":{"start":{"line":17,"column":4},"end":{"line":17,"column":49}},"5":{"start":{"line":9,"column":0},"end":{"line":9,"column":13}}},"fnMap":{"0":{"name":"(anonymous_0)","decl":{"start":{"line":10,"column":2},"end":{"line":10,"column":null}},"loc":{"start":{"line":11,"column":62},"end":{"line":12,"column":6}}},"1":{"name":"(anonymous_1)","decl":{"start":{"line":14,"column":19},"end":{"line":14,"column":24}},"loc":{"start":{"line":14,"column":52},"end":{"line":18,"column":3}}}},"branchMap":{},"s":{"0":1,"1":1,"2":1,"3":1,"4":1,"5":1},"f":{"0":1,"1":1},"b":{}}
}
