{"/Users/gntk/playground/todo-api-20211206/app/src/__shared__/base-custom-error.ts": {"path":"/Users/gntk/playground/todo-api-20211206/app/src/__shared__/base-custom-error.ts","statementMap":{"0":{"start":{"line":3,"column":4},"end":{"line":3,"column":19}},"1":{"start":{"line":4,"column":4},"end":{"line":4,"column":32}},"2":{"start":{"line":5,"column":4},"end":{"line":5,"column":59}},"3":{"start":{"line":9,"column":4},"end":{"line":9,"column":32}},"4":{"start":{"line":1,"column":0},"end":{"line":1,"column":13}}},"fnMap":{"0":{"name":"(anonymous_0)","decl":{"start":{"line":2,"column":2},"end":{"line":2,"column":14}},"loc":{"start":{"line":2,"column":29},"end":{"line":6,"column":3}}},"1":{"name":"(anonymous_1)","decl":{"start":{"line":8,"column":9},"end":{"line":8,"column":15}},"loc":{"start":{"line":8,"column":37},"end":{"line":10,"column":3}}}},"branchMap":{},"s":{"0":2,"1":2,"2":2,"3":0,"4":1},"f":{"0":2,"1":0},"b":{}}
,"/Users/gntk/playground/todo-api-20211206/app/src/__shared__/invalid-argument-error.ts": {"path":"/Users/gntk/playground/todo-api-20211206/app/src/__shared__/invalid-argument-error.ts","statementMap":{"0":{"start":{"line":1,"column":0},"end":{"line":1,"column":54}},"1":{"start":{"line":5,"column":4},"end":{"line":5,"column":19}},"2":{"start":{"line":4,"column":21},"end":{"line":4,"column":36}},"3":{"start":{"line":7,"column":4},"end":{"line":7,"column":64}},"4":{"start":{"line":3,"column":0},"end":{"line":3,"column":13}}},"fnMap":{"0":{"name":"(anonymous_0)","decl":{"start":{"line":4,"column":2},"end":{"line":4,"column":21}},"loc":{"start":{"line":4,"column":36},"end":{"line":8,"column":3}}}},"branchMap":{},"s":{"0":1,"1":2,"2":2,"3":2,"4":1},"f":{"0":2},"b":{}}
,"/Users/gntk/playground/todo-api-20211206/app/src/domain/__shared__/aggregate-root.ts": {"path":"/Users/gntk/playground/todo-api-20211206/app/src/domain/__shared__/aggregate-root.ts","statementMap":{"0":{"start":{"line":1,"column":0},"end":{"line":1,"column":34}},"1":{"start":{"line":4,"column":0},"end":{"line":4,"column":22}}},"fnMap":{},"branchMap":{},"s":{"0":1,"1":1},"f":{},"b":{}}
,"/Users/gntk/playground/todo-api-20211206/app/src/domain/__shared__/entity.ts": {"path":"/Users/gntk/playground/todo-api-20211206/app/src/domain/__shared__/entity.ts","statementMap":{"0":{"start":{"line":7,"column":34},"end":{"line":7,"column":42}},"1":{"start":{"line":7,"column":61},"end":{"line":7,"column":67}},"2":{"start":{"line":10,"column":4},"end":{"line":10,"column":20}},"3":{"start":{"line":14,"column":4},"end":{"line":16,"column":null}},"4":{"start":{"line":15,"column":6},"end":{"line":15,"column":18}},"5":{"start":{"line":18,"column":4},"end":{"line":18,"column":40}},"6":{"start":{"line":4,"column":0},"end":{"line":4,"column":22}}},"fnMap":{"0":{"name":"(anonymous_0)","decl":{"start":{"line":7,"column":2},"end":{"line":7,"column":34}},"loc":{"start":{"line":7,"column":67},"end":{"line":7,"column":71}}},"1":{"name":"(anonymous_1)","decl":{"start":{"line":9,"column":2},"end":{"line":9,"column":13}},"loc":{"start":{"line":9,"column":15},"end":{"line":11,"column":3}}},"2":{"name":"(anonymous_2)","decl":{"start":{"line":13,"column":9},"end":{"line":13,"column":18}},"loc":{"start":{"line":13,"column":39},"end":{"line":19,"column":3}}}},"branchMap":{"0":{"loc":{"start":{"line":14,"column":4},"end":{"line":16,"column":null}},"type":"if","locations":[{"start":{"line":14,"column":4},"end":{"line":16,"column":null}}]}},"s":{"0":6,"1":6,"2":1,"3":0,"4":0,"5":0,"6":1},"f":{"0":6,"1":1,"2":0},"b":{"0":[0]}}
,"/Users/gntk/playground/todo-api-20211206/app/src/domain/__shared__/unique-entity-id.ts": {"path":"/Users/gntk/playground/todo-api-20211206/app/src/domain/__shared__/unique-entity-id.ts","statementMap":{"0":{"start":{"line":1,"column":0},"end":{"line":1,"column":77}},"1":{"start":{"line":5,"column":23},"end":{"line":5,"column":36}},"2":{"start":{"line":6,"column":21},"end":{"line":6,"column":50}},"3":{"start":{"line":8,"column":4},"end":{"line":10,"column":null}},"4":{"start":{"line":9,"column":6},"end":{"line":9,"column":72}},"5":{"start":{"line":14,"column":4},"end":{"line":14,"column":22}},"6":{"start":{"line":18,"column":4},"end":{"line":18,"column":38}},"7":{"start":{"line":3,"column":0},"end":{"line":3,"column":22}}},"fnMap":{"0":{"name":"(anonymous_0)","decl":{"start":{"line":4,"column":2},"end":{"line":4,"column":null}},"loc":{"start":{"line":6,"column":50},"end":{"line":11,"column":3}}},"1":{"name":"(anonymous_1)","decl":{"start":{"line":13,"column":9},"end":{"line":13,"column":17}},"loc":{"start":{"line":13,"column":17},"end":{"line":15,"column":3}}},"2":{"name":"(anonymous_2)","decl":{"start":{"line":17,"column":9},"end":{"line":17,"column":18}},"loc":{"start":{"line":17,"column":40},"end":{"line":19,"column":3}}}},"branchMap":{"0":{"loc":{"start":{"line":8,"column":4},"end":{"line":10,"column":null}},"type":"if","locations":[{"start":{"line":8,"column":4},"end":{"line":10,"column":null}}]}},"s":{"0":1,"1":6,"2":6,"3":6,"4":0,"5":1,"6":0,"7":1},"f":{"0":6,"1":1,"2":0},"b":{"0":[0]}}
,"/Users/gntk/playground/todo-api-20211206/app/src/domain/task/model/task-id.ts": {"path":"/Users/gntk/playground/todo-api-20211206/app/src/domain/task/model/task-id.ts","statementMap":{"0":{"start":{"line":1,"column":0},"end":{"line":1,"column":72}},"1":{"start":{"line":2,"column":0},"end":{"line":2,"column":34}},"2":{"start":{"line":6,"column":4},"end":{"line":6,"column":27}},"3":{"start":{"line":4,"column":0},"end":{"line":4,"column":13}},"4":{"start":{"line":9,"column":16},"end":{"line":9,"column":50}},"5":{"start":{"line":9,"column":31},"end":{"line":9,"column":49}},"6":{"start":{"line":11,"column":16},"end":{"line":11,"column":67}},"7":{"start":{"line":11,"column":49},"end":{"line":11,"column":66}}},"fnMap":{"0":{"name":"(anonymous_0)","decl":{"start":{"line":5,"column":2},"end":{"line":5,"column":22}},"loc":{"start":{"line":5,"column":35},"end":{"line":7,"column":3}}},"1":{"name":"(anonymous_1)","decl":{"start":{"line":9,"column":25},"end":{"line":9,"column":28}},"loc":{"start":{"line":9,"column":31},"end":{"line":9,"column":49}}},"2":{"name":"(anonymous_2)","decl":{"start":{"line":11,"column":30},"end":{"line":11,"column":31}},"loc":{"start":{"line":11,"column":49},"end":{"line":11,"column":66}}}},"branchMap":{},"s":{"0":1,"1":1,"2":6,"3":1,"4":1,"5":5,"6":1,"7":1},"f":{"0":6,"1":5,"2":1},"b":{}}
,"/Users/gntk/playground/todo-api-20211206/app/src/domain/task/model/task.ts": {"path":"/Users/gntk/playground/todo-api-20211206/app/src/domain/task/model/task.ts","statementMap":{"0":{"start":{"line":1,"column":0},"end":{"line":1,"column":69}},"1":{"start":{"line":2,"column":0},"end":{"line":2,"column":77}},"2":{"start":{"line":3,"column":0},"end":{"line":3,"column":35}},"3":{"start":{"line":49,"column":9},"end":{"line":53,"column":4}},"4":{"start":{"line":50,"column":4},"end":{"line":50,"column":29}},"5":{"start":{"line":52,"column":4},"end":{"line":52,"column":16}},"6":{"start":{"line":55,"column":9},"end":{"line":59,"column":4}},"7":{"start":{"line":56,"column":4},"end":{"line":56,"column":27}},"8":{"start":{"line":58,"column":4},"end":{"line":58,"column":16}},"9":{"start":{"line":61,"column":9},"end":{"line":65,"column":4}},"10":{"start":{"line":62,"column":4},"end":{"line":62,"column":29}},"11":{"start":{"line":64,"column":4},"end":{"line":64,"column":16}},"12":{"start":{"line":67,"column":9},"end":{"line":71,"column":4}},"13":{"start":{"line":68,"column":4},"end":{"line":68,"column":30}},"14":{"start":{"line":70,"column":4},"end":{"line":70,"column":16}},"15":{"start":{"line":38,"column":4},"end":{"line":38,"column":28}},"16":{"start":{"line":42,"column":4},"end":{"line":42,"column":27}},"17":{"start":{"line":46,"column":4},"end":{"line":46,"column":29}},"18":{"start":{"line":14,"column":0},"end":{"line":14,"column":13}},"19":{"start":{"line":15,"column":16},"end":{"line":24,"column":6}},"20":{"start":{"line":16,"column":4},"end":{"line":23,"column":null}},"21":{"start":{"line":26,"column":16},"end":{"line":35,"column":6}},"22":{"start":{"line":27,"column":4},"end":{"line":34,"column":null}},"23":{"start":{"line":73,"column":17},"end":{"line":79,"column":4}},"24":{"start":{"line":74,"column":4},"end":{"line":76,"column":null}},"25":{"start":{"line":75,"column":6},"end":{"line":75,"column":64}},"26":{"start":{"line":78,"column":4},"end":{"line":78,"column":17}},"27":{"start":{"line":81,"column":17},"end":{"line":87,"column":4}},"28":{"start":{"line":82,"column":4},"end":{"line":84,"column":null}},"29":{"start":{"line":83,"column":6},"end":{"line":83,"column":63}},"30":{"start":{"line":86,"column":4},"end":{"line":86,"column":16}}},"fnMap":{"0":{"name":"(anonymous_0)","decl":{"start":{"line":14,"column":0},"end":{"line":14,"column":13}},"loc":{"start":{"line":14,"column":0},"end":{"line":88,"column":1}}},"1":{"name":"(anonymous_1)","decl":{"start":{"line":49,"column":23},"end":{"line":49,"column":24}},"loc":{"start":{"line":49,"column":41},"end":{"line":53,"column":3}}},"2":{"name":"(anonymous_2)","decl":{"start":{"line":55,"column":22},"end":{"line":55,"column":23}},"loc":{"start":{"line":55,"column":39},"end":{"line":59,"column":3}}},"3":{"name":"(anonymous_3)","decl":{"start":{"line":61,"column":20},"end":{"line":61,"column":23}},"loc":{"start":{"line":61,"column":25},"end":{"line":65,"column":3}}},"4":{"name":"(anonymous_4)","decl":{"start":{"line":67,"column":16},"end":{"line":67,"column":19}},"loc":{"start":{"line":67,"column":21},"end":{"line":71,"column":3}}},"5":{"name":"(anonymous_5)","decl":{"start":{"line":37,"column":2},"end":{"line":37,"column":13}},"loc":{"start":{"line":37,"column":18},"end":{"line":39,"column":3}}},"6":{"name":"(anonymous_6)","decl":{"start":{"line":41,"column":2},"end":{"line":41,"column":13}},"loc":{"start":{"line":41,"column":17},"end":{"line":43,"column":3}}},"7":{"name":"(anonymous_7)","decl":{"start":{"line":45,"column":2},"end":{"line":45,"column":13}},"loc":{"start":{"line":45,"column":19},"end":{"line":47,"column":3}}},"8":{"name":"(anonymous_8)","decl":{"start":{"line":15,"column":25},"end":{"line":15,"column":26}},"loc":{"start":{"line":16,"column":4},"end":{"line":23,"column":null}}},"9":{"name":"(anonymous_9)","decl":{"start":{"line":26,"column":30},"end":{"line":26,"column":31}},"loc":{"start":{"line":27,"column":4},"end":{"line":34,"column":null}}},"10":{"name":"(anonymous_10)","decl":{"start":{"line":73,"column":33},"end":{"line":73,"column":34}},"loc":{"start":{"line":73,"column":51},"end":{"line":79,"column":3}}},"11":{"name":"(anonymous_11)","decl":{"start":{"line":81,"column":32},"end":{"line":81,"column":33}},"loc":{"start":{"line":81,"column":49},"end":{"line":87,"column":3}}}},"branchMap":{"0":{"loc":{"start":{"line":74,"column":4},"end":{"line":76,"column":null}},"type":"if","locations":[{"start":{"line":74,"column":4},"end":{"line":76,"column":null}}]},"1":{"loc":{"start":{"line":82,"column":4},"end":{"line":84,"column":null}},"type":"if","locations":[{"start":{"line":82,"column":4},"end":{"line":84,"column":null}}]}},"s":{"0":1,"1":1,"2":1,"3":6,"4":1,"5":1,"6":6,"7":1,"8":1,"9":6,"10":2,"11":2,"12":6,"13":1,"14":1,"15":2,"16":2,"17":4,"18":1,"19":1,"20":7,"21":1,"22":1,"23":1,"24":8,"25":1,"26":7,"27":1,"28":7,"29":1,"30":6},"f":{"0":6,"1":1,"2":1,"3":2,"4":1,"5":2,"6":2,"7":4,"8":7,"9":1,"10":8,"11":7},"b":{"0":[1],"1":[1]}}
}
