TN:
SF:src/__shared__/invalid-argument-error.ts
FN:4,(anonymous_0)
FNF:1
FNH:1
FNDA:2,(anonymous_0)
DA:1,2
DA:3,2
DA:4,2
DA:5,2
DA:7,2
LF:5
LH:5
BRF:0
BRH:0
end_of_record
TN:
SF:src/domain/task/model/task.ts
FN:14,(anonymous_0)
FN:53,(anonymous_1)
FN:59,(anonymous_2)
FN:65,(anonymous_3)
FN:71,(anonymous_4)
FN:37,(anonymous_5)
FN:41,(anonymous_6)
FN:45,(anonymous_7)
FN:49,(anonymous_8)
FN:15,(anonymous_9)
FN:26,(anonymous_10)
FN:77,(anonymous_11)
FN:85,(anonymous_12)
FNF:13
FNH:13
FNDA:7,(anonymous_0)
FNDA:1,(anonymous_1)
FNDA:1,(anonymous_2)
FNDA:2,(anonymous_3)
FNDA:1,(anonymous_4)
FNDA:3,(anonymous_5)
FNDA:3,(anonymous_6)
FNDA:4,(anonymous_7)
FNDA:1,(anonymous_8)
FNDA:8,(anonymous_9)
FNDA:1,(anonymous_10)
FNDA:9,(anonymous_11)
FNDA:8,(anonymous_12)
DA:1,2
DA:2,2
DA:3,2
DA:14,2
DA:15,2
DA:16,8
DA:26,2
DA:27,1
DA:38,3
DA:42,3
DA:46,4
DA:50,1
DA:53,7
DA:54,1
DA:56,1
DA:59,7
DA:60,1
DA:62,1
DA:65,7
DA:66,2
DA:68,2
DA:71,7
DA:72,1
DA:74,1
DA:77,2
DA:78,9
DA:79,1
DA:82,8
DA:85,2
DA:86,8
DA:87,1
DA:90,7
LF:32
LH:32
BRDA:78,0,0,1
BRDA:86,1,0,1
BRF:2
BRH:2
end_of_record
TN:
SF:src/usecase/create-task.ts
FN:10,(anonymous_0)
FN:14,(anonymous_1)
FNF:2
FNH:2
FNDA:1,(anonymous_0)
FNDA:1,(anonymous_1)
DA:1,1
DA:9,1
DA:11,1
DA:14,1
DA:15,1
DA:17,1
LF:6
LH:6
BRF:0
BRH:0
end_of_record
