TN:
SF:src/__shared__/base-custom-error.ts
FN:2,(anonymous_0)
FN:8,(anonymous_1)
FNF:2
FNH:1
FNDA:2,(anonymous_0)
FNDA:0,(anonymous_1)
DA:1,1
DA:3,2
DA:4,2
DA:5,2
DA:9,0
LF:5
LH:4
BRF:0
BRH:0
end_of_record
TN:
SF:src/__shared__/invalid-argument-error.ts
FN:4,(anonymous_0)
FNF:1
FNH:1
FNDA:2,(anonymous_0)
DA:1,1
DA:3,1
DA:4,2
DA:5,2
DA:7,2
LF:5
LH:5
BRF:0
BRH:0
end_of_record
TN:
SF:src/domain/__shared__/aggregate-root.ts
FNF:0
FNH:0
DA:1,1
DA:4,1
LF:2
LH:2
BRF:0
BRH:0
end_of_record
TN:
SF:src/domain/__shared__/entity.ts
FN:7,(anonymous_0)
FN:9,(anonymous_1)
FN:13,(anonymous_2)
FNF:3
FNH:2
FNDA:6,(anonymous_0)
FNDA:1,(anonymous_1)
FNDA:0,(anonymous_2)
DA:4,1
DA:7,6
DA:10,1
DA:14,0
DA:15,0
DA:18,0
LF:6
LH:3
BRDA:14,0,0,0
BRF:1
BRH:0
end_of_record
TN:
SF:src/domain/__shared__/unique-entity-id.ts
FN:4,(anonymous_0)
FN:13,(anonymous_1)
FN:17,(anonymous_2)
FNF:3
FNH:2
FNDA:6,(anonymous_0)
FNDA:1,(anonymous_1)
FNDA:0,(anonymous_2)
DA:1,1
DA:3,1
DA:5,6
DA:6,6
DA:8,6
DA:9,0
DA:14,1
DA:18,0
LF:8
LH:6
BRDA:8,0,0,0
BRF:1
BRH:0
end_of_record
TN:
SF:src/domain/task/model/task-id.ts
FN:5,(anonymous_0)
FN:9,(anonymous_1)
FN:11,(anonymous_2)
FNF:3
FNH:3
FNDA:6,(anonymous_0)
FNDA:5,(anonymous_1)
FNDA:1,(anonymous_2)
DA:1,1
DA:2,1
DA:4,1
DA:6,6
DA:9,5
DA:11,1
LF:6
LH:6
BRF:0
BRH:0
end_of_record
TN:
SF:src/domain/task/model/task.ts
FN:14,(anonymous_0)
FN:49,(anonymous_1)
FN:55,(anonymous_2)
FN:61,(anonymous_3)
FN:67,(anonymous_4)
FN:37,(anonymous_5)
FN:41,(anonymous_6)
FN:45,(anonymous_7)
FN:15,(anonymous_8)
FN:26,(anonymous_9)
FN:73,(anonymous_10)
FN:81,(anonymous_11)
FNF:12
FNH:12
FNDA:6,(anonymous_0)
FNDA:1,(anonymous_1)
FNDA:1,(anonymous_2)
FNDA:2,(anonymous_3)
FNDA:1,(anonymous_4)
FNDA:2,(anonymous_5)
FNDA:2,(anonymous_6)
FNDA:4,(anonymous_7)
FNDA:7,(anonymous_8)
FNDA:1,(anonymous_9)
FNDA:8,(anonymous_10)
FNDA:7,(anonymous_11)
DA:1,1
DA:2,1
DA:3,1
DA:14,1
DA:15,1
DA:16,7
DA:26,1
DA:27,1
DA:38,2
DA:42,2
DA:46,4
DA:49,6
DA:50,1
DA:52,1
DA:55,6
DA:56,1
DA:58,1
DA:61,6
DA:62,2
DA:64,2
DA:67,6
DA:68,1
DA:70,1
DA:73,1
DA:74,8
DA:75,1
DA:78,7
DA:81,1
DA:82,7
DA:83,1
DA:86,6
LF:31
LH:31
BRDA:74,0,0,1
BRDA:82,1,0,1
BRF:2
BRH:2
end_of_record
